[0710/101232.518:ERROR:crash_report_database_win.cc(469)] failed to stat report
[0710/101232.567:ERROR:crash_report_database_win.cc(469)] failed to stat report
[0710/101232.567:ERROR:crash_report_database_win.cc(469)] failed to stat report
[0710/101232.567:ERROR:crash_report_database_win.cc(469)] failed to stat report
[0710/130519.496:ERROR:crash_report_database_win.cc(469)] failed to stat report
[0710/130519.496:ERROR:crash_report_database_win.cc(469)] failed to stat report
[0710/130519.496:ERROR:crash_report_database_win.cc(469)] failed to stat report
[0710/130519.496:ERROR:crash_report_database_win.cc(469)] failed to stat report
[0710/130609.914:ERROR:process_memory_win.cc(73)] ReadMemory at 0x7ff671f70000 of 64 bytes failed: Only part of a ReadProcessMemory or WriteProcessMemory request was completed. (0x12B)
[0710/130610.522:WARNING:pe_image_reader.cc(340)] could not read dos header from C:\Program Files (x86)\Google\Chrome\Application\chrome.exe
[0710/130610.522:ERROR:process_memory_win.cc(73)] ReadMemory at 0x7ff9c1d00000 of 64 bytes failed: Only part of a ReadProcessMemory or WriteProcessMemory request was completed. (0x12B)
[0710/130610.522:WARNING:pe_image_reader.cc(340)] could not read dos header from C:\Windows\SYSTEM32\ntdll.dll
[0710/130610.522:ERROR:process_memory_win.cc(73)] ReadMemory at 0x7ff9c13e0000 of 64 bytes failed: Only part of a ReadProcessMemory or WriteProcessMemory request was completed. (0x12B)
[0710/130610.522:WARNING:pe_image_reader.cc(340)] could not read dos header from C:\Windows\System32\KERNEL32.DLL
[0710/130610.522:ERROR:process_memory_win.cc(73)] ReadMemory at 0x7ff9bf9b0000 of 64 bytes failed: Only part of a ReadProcessMemory or WriteProcessMemory request was completed. (0x12B)
[0710/130610.523:WARNING:pe_image_reader.cc(340)] could not read dos header from C:\Windows\System32\KERNELBASE.dll
[0710/130610.523:ERROR:process_memory_win.cc(73)] ReadMemory at 0x7ff975ae0000 of 64 bytes failed: Only part of a ReadProcessMemory or WriteProcessMemory request was completed. (0x12B)
[0710/130610.523:WARNING:pe_image_reader.cc(340)] could not read dos header from C:\Program Files (x86)\Google\Chrome\Application\83.0.4103.116\chrome_elf.dll
[0710/130610.523:ERROR:process_memory_win.cc(73)] ReadMemory at 0x7ff9b2e10000 of 64 bytes failed: Only part of a ReadProcessMemory or WriteProcessMemory request was completed. (0x12B)
[0710/130610.523:WARNING:pe_image_reader.cc(340)] could not read dos header from C:\Windows\SYSTEM32\VERSION.dll
[0710/130610.523:ERROR:process_memory_win.cc(73)] ReadMemory at 0x7ff9c1530000 of 64 bytes failed: Only part of a ReadProcessMemory or WriteProcessMemory request was completed. (0x12B)
[0710/130610.523:WARNING:pe_image_reader.cc(340)] could not read dos header from C:\Windows\System32\msvcrt.dll
[0710/130610.523:ERROR:process_memory_win.cc(73)] ReadMemory at 0x7ff9bfd00000 of 64 bytes failed: Only part of a ReadProcessMemory or WriteProcessMemory request was completed. (0x12B)
[0710/130610.523:WARNING:pe_image_reader.cc(340)] could not read dos header from C:\Windows\System32\bcryptPrimitives.dll
[0710/130610.523:ERROR:process_memory_win.cc(73)] ReadMemory at 0x7ff9c1330000 of 64 bytes failed: Only part of a ReadProcessMemory or WriteProcessMemory request was completed. (0x12B)
[0710/130610.523:WARNING:pe_image_reader.cc(340)] could not read dos header from C:\Windows\System32\ADVAPI32.dll
[0710/130610.523:ERROR:process_memory_win.cc(73)] ReadMemory at 0x7ff9c0760000 of 64 bytes failed: Only part of a ReadProcessMemory or WriteProcessMemory request was completed. (0x12B)
[0710/130610.523:WARNING:pe_image_reader.cc(340)] could not read dos header from C:\Windows\System32\sechost.dll
[0710/130610.524:ERROR:process_memory_win.cc(73)] ReadMemory at 0x7ff9c1730000 of 64 bytes failed: Only part of a ReadProcessMemory or WriteProcessMemory request was completed. (0x12B)
[0710/130610.524:WARNING:pe_image_reader.cc(340)] could not read dos header from C:\Windows\System32\RPCRT4.dll
[0710/130610.524:ERROR:process_memory_win.cc(73)] ReadMemory at 0x7ff94cfb0000 of 64 bytes failed: Only part of a ReadProcessMemory or WriteProcessMemory request was completed. (0x12B)
[0710/130610.524:WARNING:pe_image_reader.cc(340)] could not read dos header from C:\Program Files (x86)\Google\Chrome\Application\83.0.4103.116\chrome.dll
[0710/130610.524:ERROR:process_memory_win.cc(73)] ReadMemory at 0x7ff9c0800000 of 64 bytes failed: Only part of a ReadProcessMemory or WriteProcessMemory request was completed. (0x12B)
[0710/130610.524:WARNING:pe_image_reader.cc(340)] could not read dos header from C:\Windows\System32\WS2_32.dll
[0710/130610.524:ERROR:process_memory_win.cc(73)] ReadMemory at 0x7ff9bffa0000 of 64 bytes failed: Only part of a ReadProcessMemory or WriteProcessMemory request was completed. (0x12B)
[0710/130610.524:WARNING:pe_image_reader.cc(340)] could not read dos header from C:\Windows\System32\OLEAUT32.dll
[0710/130610.524:ERROR:process_memory_win.cc(73)] ReadMemory at 0x7ff9bfc60000 of 64 bytes failed: Only part of a ReadProcessMemory or WriteProcessMemory request was completed. (0x12B)
[0710/130610.524:WARNING:pe_image_reader.cc(340)] could not read dos header from C:\Windows\System32\msvcp_win.dll
[0710/130610.524:ERROR:process_memory_win.cc(73)] ReadMemory at 0x7ff9bec90000 of 64 bytes failed: Only part of a ReadProcessMemory or WriteProcessMemory request was completed. (0x12B)
[0710/130610.524:WARNING:pe_image_reader.cc(340)] could not read dos header from C:\Windows\System32\ucrtbase.dll
[0710/130610.524:ERROR:process_memory_win.cc(73)] ReadMemory at 0x7ff9c0410000 of 64 bytes failed: Only part of a ReadProcessMemory or WriteProcessMemory request was completed. (0x12B)
[0710/130610.524:WARNING:pe_image_reader.cc(340)] could not read dos header from C:\Windows\System32\combase.dll
[0710/130610.524:ERROR:process_memory_win.cc(73)] ReadMemory at 0x7ff9bed90000 of 64 bytes failed: Only part of a ReadProcessMemory or WriteProcessMemory request was completed. (0x12B)
[0710/130610.524:WARNING:pe_image_reader.cc(340)] could not read dos header from C:\Windows\System32\WINTRUST.dll
[0710/130610.524:ERROR:process_memory_win.cc(73)] ReadMemory at 0x7ff9bec70000 of 64 bytes failed: Only part of a ReadProcessMemory or WriteProcessMemory request was completed. (0x12B)
[0710/130610.524:WARNING:pe_image_reader.cc(340)] could not read dos header from C:\Windows\System32\MSASN1.dll
[0710/130610.525:ERROR:process_memory_win.cc(73)] ReadMemory at 0x7ff9bedf0000 of 64 bytes failed: Only part of a ReadProcessMemory or WriteProcessMemory request was completed. (0x12B)
[0710/130610.525:WARNING:pe_image_reader.cc(340)] could not read dos header from C:\Windows\System32\CRYPT32.dll
[0710/130610.525:ERROR:process_memory_win.cc(73)] ReadMemory at 0x7ff9be140000 of 64 bytes failed: Only part of a ReadProcessMemory or WriteProcessMemory request was completed. (0x12B)
[0710/130610.525:WARNING:pe_image_reader.cc(340)] could not read dos header from C:\Windows\SYSTEM32\IPHLPAPI.DLL
[0710/130610.525:ERROR:process_memory_win.cc(73)] ReadMemory at 0x7ff9bc600000 of 64 bytes failed: Only part of a ReadProcessMemory or WriteProcessMemory request was completed. (0x12B)
[0710/130610.525:WARNING:pe_image_reader.cc(340)] could not read dos header from C:\Windows\SYSTEM32\WINMM.dll
[0710/130610.525:ERROR:process_memory_win.cc(73)] ReadMemory at 0x7ff9ab460000 of 64 bytes failed: Only part of a ReadProcessMemory or WriteProcessMemory request was completed. (0x12B)
[0710/130610.525:WARNING:pe_image_reader.cc(340)] could not read dos header from C:\Windows\SYSTEM32\Secur32.dll
[0710/130610.525:ERROR:process_memory_win.cc(73)] ReadMemory at 0x7ff9beae0000 of 64 bytes failed: Only part of a ReadProcessMemory or WriteProcessMemory request was completed. (0x12B)
[0710/130610.525:WARNING:pe_image_reader.cc(340)] could not read dos header from C:\Windows\SYSTEM32\USERENV.dll
[0710/130610.525:ERROR:process_memory_win.cc(73)] ReadMemory at 0x7ff9bebd0000 of 64 bytes failed: Only part of a ReadProcessMemory or WriteProcessMemory request was completed. (0x12B)
[0710/130610.525:WARNING:pe_image_reader.cc(340)] could not read dos header from C:\Windows\System32\profapi.dll
[0710/130610.525:ERROR:process_memory_win.cc(73)] ReadMemory at 0x7ff9996b0000 of 64 bytes failed: Only part of a ReadProcessMemory or WriteProcessMemory request was completed. (0x12B)
[0710/130610.525:WARNING:pe_image_reader.cc(340)] could not read dos header from C:\Windows\SYSTEM32\UIAutomationCore.DLL
[0710/130610.525:ERROR:process_memory_win.cc(73)] ReadMemory at 0x7ff99fd10000 of 64 bytes failed: Only part of a ReadProcessMemory or WriteProcessMemory request was completed. (0x12B)
[0710/130610.525:WARNING:pe_image_reader.cc(340)] could not read dos header from C:\Windows\SYSTEM32\DWrite.dll
[0710/130610.525:ERROR:process_memory_win.cc(73)] ReadMemory at 0x7ff99c210000 of 64 bytes failed: Only part of a ReadProcessMemory or WriteProcessMemory request was completed. (0x12B)
[0710/130610.525:WARNING:pe_image_reader.cc(340)] could not read dos header from C:\Windows\SYSTEM32\WINSPOOL.DRV
[0710/130610.526:ERROR:process_memory_win.cc(73)] ReadMemory at 0x7ff9bec50000 of 64 bytes failed: Only part of a ReadProcessMemory or WriteProcessMemory request was completed. (0x12B)
[0710/130610.526:WARNING:pe_image_reader.cc(340)] could not read dos header from C:\Windows\System32\kernel.appcore.dll
[0710/130610.526:ERROR:process_memory_win.cc(73)] ReadMemory at 0x7ff9bf960000 of 64 bytes failed: Only part of a ReadProcessMemory or WriteProcessMemory request was completed. (0x12B)
[0710/130610.526:WARNING:pe_image_reader.cc(340)] could not read dos header from C:\Windows\System32\bcrypt.dll
[0710/130610.526:ERROR:process_memory_win.cc(73)] ReadMemory at 0x7ff9bae70000 of 64 bytes failed: Only part of a ReadProcessMemory or WriteProcessMemory request was completed. (0x12B)
[0710/130610.526:WARNING:pe_image_reader.cc(340)] could not read dos header from C:\Windows\SYSTEM32\dbghelp.dll
[0710/130610.526:ERROR:process_memory_win.cc(73)] ReadMemory at 0x7ff9b51e0000 of 64 bytes failed: Only part of a ReadProcessMemory or WriteProcessMemory request was completed. (0x12B)
[0710/130610.526:WARNING:pe_image_reader.cc(340)] could not read dos header from C:\Windows\SYSTEM32\WINHTTP.dll
[0710/130610.526:ERROR:process_memory_win.cc(73)] ReadMemory at 0x7ff9b20f0000 of 64 bytes failed: Only part of a ReadProcessMemory or WriteProcessMemory request was completed. (0x12B)
[0710/130610.526:WARNING:pe_image_reader.cc(340)] could not read dos header from C:\Windows\SYSTEM32\dhcpcsvc.DLL
[0710/130610.526:ERROR:process_memory_win.cc(73)] ReadMemory at 0x7ff9c0070000 of 64 bytes failed: Only part of a ReadProcessMemory or WriteProcessMemory request was completed. (0x12B)
[0710/130610.526:WARNING:pe_image_reader.cc(340)] could not read dos header from C:\Windows\System32\NSI.dll
[0710/130610.527:ERROR:process_memory_win.cc(73)] ReadMemory at 0x7ff9bc5a0000 of 64 bytes failed: Only part of a ReadProcessMemory or WriteProcessMemory request was completed. (0x12B)
[0710/130610.527:WARNING:pe_image_reader.cc(340)] could not read dos header from C:\Windows\SYSTEM32\WINMMBASE.dll
[0710/130610.527:ERROR:process_memory_win.cc(73)] ReadMemory at 0x7ff9bf0e0000 of 64 bytes failed: Only part of a ReadProcessMemory or WriteProcessMemory request was completed. (0x12B)
[0710/130610.527:WARNING:pe_image_reader.cc(340)] could not read dos header from C:\Windows\System32\cfgmgr32.dll
[0710/130610.527:ERROR:process_memory_win.cc(73)] ReadMemory at 0x7ff9bac70000 of 64 bytes failed: Only part of a ReadProcessMemory or WriteProcessMemory request was completed. (0x12B)
[0710/130610.527:WARNING:pe_image_reader.cc(340)] could not read dos header from C:\Windows\SYSTEM32\PROPSYS.dll
[0710/130610.527:ERROR:process_memory_win.cc(73)] ReadMemory at 0x7ff9c0300000 of 64 bytes failed: Only part of a ReadProcessMemory or WriteProcessMemory request was completed. (0x12B)
[0710/130610.527:WARNING:pe_image_reader.cc(340)] could not read dos header from C:\Windows\System32\shcore.dll
[0710/130610.527:ERROR:process_memory_win.cc(73)] ReadMemory at 0x7ff9beab0000 of 64 bytes failed: Only part of a ReadProcessMemory or WriteProcessMemory request was completed. (0x12B)
[0710/130610.527:WARNING:pe_image_reader.cc(340)] could not read dos header from C:\Windows\SYSTEM32\SSPICLI.DLL
[0710/130610.527:ERROR:process_memory_win.cc(73)] ReadMemory at 0x7ff9be600000 of 64 bytes failed: Only part of a ReadProcessMemory or WriteProcessMemory request was completed. (0x12B)
[0710/130610.528:WARNING:pe_image_reader.cc(340)] could not read dos header from C:\Windows\SYSTEM32\CRYPTBASE.DLL
[0710/130610.528:ERROR:process_memory_win.cc(73)] ReadMemory at 0x7ff671f70000 of 64 bytes failed: Only part of a ReadProcessMemory or WriteProcessMemory request was completed. (0x12B)
[0710/130610.528:WARNING:pe_image_reader.cc(340)] could not read dos header from C:\Program Files (x86)\Google\Chrome\Application\chrome.exe
[0710/130610.528:ERROR:process_memory_win.cc(73)] ReadMemory at 0x7ff9c1d00000 of 64 bytes failed: Only part of a ReadProcessMemory or WriteProcessMemory request was completed. (0x12B)
[0710/130610.528:WARNING:pe_image_reader.cc(340)] could not read dos header from C:\Windows\SYSTEM32\ntdll.dll
[0710/130610.528:ERROR:process_memory_win.cc(73)] ReadMemory at 0x7ff9c13e0000 of 64 bytes failed: Only part of a ReadProcessMemory or WriteProcessMemory request was completed. (0x12B)
[0710/130610.528:WARNING:pe_image_reader.cc(340)] could not read dos header from C:\Windows\System32\KERNEL32.DLL
[0710/130610.528:ERROR:process_memory_win.cc(73)] ReadMemory at 0x7ff9bf9b0000 of 64 bytes failed: Only part of a ReadProcessMemory or WriteProcessMemory request was completed. (0x12B)
[0710/130610.528:WARNING:pe_image_reader.cc(340)] could not read dos header from C:\Windows\System32\KERNELBASE.dll
[0710/130610.528:ERROR:process_memory_win.cc(73)] ReadMemory at 0x7ff975ae0000 of 64 bytes failed: Only part of a ReadProcessMemory or WriteProcessMemory request was completed. (0x12B)
[0710/130610.528:WARNING:pe_image_reader.cc(340)] could not read dos header from C:\Program Files (x86)\Google\Chrome\Application\83.0.4103.116\chrome_elf.dll
[0710/130610.528:ERROR:process_memory_win.cc(73)] ReadMemory at 0x7ff9b2e10000 of 64 bytes failed: Only part of a ReadProcessMemory or WriteProcessMemory request was completed. (0x12B)
[0710/130610.528:WARNING:pe_image_reader.cc(340)] could not read dos header from C:\Windows\SYSTEM32\VERSION.dll
[0710/130610.528:ERROR:process_memory_win.cc(73)] ReadMemory at 0x7ff9c1530000 of 64 bytes failed: Only part of a ReadProcessMemory or WriteProcessMemory request was completed. (0x12B)
[0710/130610.528:WARNING:pe_image_reader.cc(340)] could not read dos header from C:\Windows\System32\msvcrt.dll
[0710/130610.528:ERROR:process_memory_win.cc(73)] ReadMemory at 0x7ff9bfd00000 of 64 bytes failed: Only part of a ReadProcessMemory or WriteProcessMemory request was completed. (0x12B)
[0710/130610.528:WARNING:pe_image_reader.cc(340)] could not read dos header from C:\Windows\System32\bcryptPrimitives.dll
[0710/130610.528:ERROR:process_memory_win.cc(73)] ReadMemory at 0x7ff9c1330000 of 64 bytes failed: Only part of a ReadProcessMemory or WriteProcessMemory request was completed. (0x12B)
[0710/130610.528:WARNING:pe_image_reader.cc(340)] could not read dos header from C:\Windows\System32\ADVAPI32.dll
[0710/130610.528:ERROR:process_memory_win.cc(73)] ReadMemory at 0x7ff9c0760000 of 64 bytes failed: Only part of a ReadProcessMemory or WriteProcessMemory request was completed. (0x12B)
[0710/130610.528:WARNING:pe_image_reader.cc(340)] could not read dos header from C:\Windows\System32\sechost.dll
[0710/130610.529:ERROR:process_memory_win.cc(73)] ReadMemory at 0x7ff9c1730000 of 64 bytes failed: Only part of a ReadProcessMemory or WriteProcessMemory request was completed. (0x12B)
[0710/130610.529:WARNING:pe_image_reader.cc(340)] could not read dos header from C:\Windows\System32\RPCRT4.dll
[0710/130610.529:ERROR:process_memory_win.cc(73)] ReadMemory at 0x7ff94cfb0000 of 64 bytes failed: Only part of a ReadProcessMemory or WriteProcessMemory request was completed. (0x12B)
[0710/130610.529:WARNING:pe_image_reader.cc(340)] could not read dos header from C:\Program Files (x86)\Google\Chrome\Application\83.0.4103.116\chrome.dll
[0710/130611.124:ERROR:process_memory_win.cc(73)] ReadMemory at 0x7ff9c0800000 of 64 bytes failed: Only part of a ReadProcessMemory or WriteProcessMemory request was completed. (0x12B)
[0710/130611.124:WARNING:pe_image_reader.cc(340)] could not read dos header from C:\Windows\System32\WS2_32.dll
[0710/130611.124:ERROR:process_memory_win.cc(73)] ReadMemory at 0x7ff9bffa0000 of 64 bytes failed: Only part of a ReadProcessMemory or WriteProcessMemory request was completed. (0x12B)
[0710/130611.124:WARNING:pe_image_reader.cc(340)] could not read dos header from C:\Windows\System32\OLEAUT32.dll
[0710/130611.124:ERROR:process_memory_win.cc(73)] ReadMemory at 0x7ff9bfc60000 of 64 bytes failed: Only part of a ReadProcessMemory or WriteProcessMemory request was completed. (0x12B)
[0710/130611.124:WARNING:pe_image_reader.cc(340)] could not read dos header from C:\Windows\System32\msvcp_win.dll
[0710/130611.124:ERROR:process_memory_win.cc(73)] ReadMemory at 0x7ff9bec90000 of 64 bytes failed: Only part of a ReadProcessMemory or WriteProcessMemory request was completed. (0x12B)
[0710/130611.124:WARNING:pe_image_reader.cc(340)] could not read dos header from C:\Windows\System32\ucrtbase.dll
[0710/130611.124:ERROR:process_memory_win.cc(73)] ReadMemory at 0x7ff9c0410000 of 64 bytes failed: Only part of a ReadProcessMemory or WriteProcessMemory request was completed. (0x12B)
[0710/130611.124:WARNING:pe_image_reader.cc(340)] could not read dos header from C:\Windows\System32\combase.dll
[0710/130611.124:ERROR:process_memory_win.cc(73)] ReadMemory at 0x7ff9bed90000 of 64 bytes failed: Only part of a ReadProcessMemory or WriteProcessMemory request was completed. (0x12B)
[0710/130611.124:WARNING:pe_image_reader.cc(340)] could not read dos header from C:\Windows\System32\WINTRUST.dll
[0710/130611.124:ERROR:process_memory_win.cc(73)] ReadMemory at 0x7ff9bec70000 of 64 bytes failed: Only part of a ReadProcessMemory or WriteProcessMemory request was completed. (0x12B)
[0710/130611.124:WARNING:pe_image_reader.cc(340)] could not read dos header from C:\Windows\System32\MSASN1.dll
[0710/130611.124:ERROR:process_memory_win.cc(73)] ReadMemory at 0x7ff9bedf0000 of 64 bytes failed: Only part of a ReadProcessMemory or WriteProcessMemory request was completed. (0x12B)
[0710/130611.124:WARNING:pe_image_reader.cc(340)] could not read dos header from C:\Windows\System32\CRYPT32.dll
[0710/130611.124:ERROR:process_memory_win.cc(73)] ReadMemory at 0x7ff9be140000 of 64 bytes failed: Only part of a ReadProcessMemory or WriteProcessMemory request was completed. (0x12B)
[0710/130611.124:WARNING:pe_image_reader.cc(340)] could not read dos header from C:\Windows\SYSTEM32\IPHLPAPI.DLL
[0710/130611.124:ERROR:process_memory_win.cc(73)] ReadMemory at 0x7ff9bc600000 of 64 bytes failed: Only part of a ReadProcessMemory or WriteProcessMemory request was completed. (0x12B)
[0710/130611.125:WARNING:pe_image_reader.cc(340)] could not read dos header from C:\Windows\SYSTEM32\WINMM.dll
[0710/130611.125:ERROR:process_memory_win.cc(73)] ReadMemory at 0x7ff9ab460000 of 64 bytes failed: Only part of a ReadProcessMemory or WriteProcessMemory request was completed. (0x12B)
[0710/130611.125:WARNING:pe_image_reader.cc(340)] could not read dos header from C:\Windows\SYSTEM32\Secur32.dll
[0710/130611.125:ERROR:process_memory_win.cc(73)] ReadMemory at 0x7ff9beae0000 of 64 bytes failed: Only part of a ReadProcessMemory or WriteProcessMemory request was completed. (0x12B)
[0710/130611.125:WARNING:pe_image_reader.cc(340)] could not read dos header from C:\Windows\SYSTEM32\USERENV.dll
[0710/130611.125:ERROR:process_memory_win.cc(73)] ReadMemory at 0x7ff9bebd0000 of 64 bytes failed: Only part of a ReadProcessMemory or WriteProcessMemory request was completed. (0x12B)
[0710/130611.125:WARNING:pe_image_reader.cc(340)] could not read dos header from C:\Windows\System32\profapi.dll
[0710/130611.125:ERROR:process_memory_win.cc(73)] ReadMemory at 0x7ff9996b0000 of 64 bytes failed: Only part of a ReadProcessMemory or WriteProcessMemory request was completed. (0x12B)
[0710/130611.125:WARNING:pe_image_reader.cc(340)] could not read dos header from C:\Windows\SYSTEM32\UIAutomationCore.DLL
[0710/130611.125:ERROR:process_memory_win.cc(73)] ReadMemory at 0x7ff99fd10000 of 64 bytes failed: Only part of a ReadProcessMemory or WriteProcessMemory request was completed. (0x12B)
[0710/130611.125:WARNING:pe_image_reader.cc(340)] could not read dos header from C:\Windows\SYSTEM32\DWrite.dll
[0710/130611.125:ERROR:process_memory_win.cc(73)] ReadMemory at 0x7ff99c210000 of 64 bytes failed: Only part of a ReadProcessMemory or WriteProcessMemory request was completed. (0x12B)
[0710/130611.125:WARNING:pe_image_reader.cc(340)] could not read dos header from C:\Windows\SYSTEM32\WINSPOOL.DRV
[0710/130611.125:ERROR:process_memory_win.cc(73)] ReadMemory at 0x7ff9bec50000 of 64 bytes failed: Only part of a ReadProcessMemory or WriteProcessMemory request was completed. (0x12B)
[0710/130611.125:WARNING:pe_image_reader.cc(340)] could not read dos header from C:\Windows\System32\kernel.appcore.dll
[0710/130611.125:ERROR:process_memory_win.cc(73)] ReadMemory at 0x7ff9bf960000 of 64 bytes failed: Only part of a ReadProcessMemory or WriteProcessMemory request was completed. (0x12B)
[0710/130611.125:WARNING:pe_image_reader.cc(340)] could not read dos header from C:\Windows\System32\bcrypt.dll
[0710/130611.125:ERROR:process_memory_win.cc(73)] ReadMemory at 0x7ff9bae70000 of 64 bytes failed: Only part of a ReadProcessMemory or WriteProcessMemory request was completed. (0x12B)
[0710/130611.125:WARNING:pe_image_reader.cc(340)] could not read dos header from C:\Windows\SYSTEM32\dbghelp.dll
[0710/130611.125:ERROR:process_memory_win.cc(73)] ReadMemory at 0x7ff9b51e0000 of 64 bytes failed: Only part of a ReadProcessMemory or WriteProcessMemory request was completed. (0x12B)
[0710/130611.125:WARNING:pe_image_reader.cc(340)] could not read dos header from C:\Windows\SYSTEM32\WINHTTP.dll
[0710/130611.126:ERROR:process_memory_win.cc(73)] ReadMemory at 0x7ff9b20f0000 of 64 bytes failed: Only part of a ReadProcessMemory or WriteProcessMemory request was completed. (0x12B)
[0710/130611.126:WARNING:pe_image_reader.cc(340)] could not read dos header from C:\Windows\SYSTEM32\dhcpcsvc.DLL
[0710/130611.126:ERROR:process_memory_win.cc(73)] ReadMemory at 0x7ff9c0070000 of 64 bytes failed: Only part of a ReadProcessMemory or WriteProcessMemory request was completed. (0x12B)
[0710/130611.126:WARNING:pe_image_reader.cc(340)] could not read dos header from C:\Windows\System32\NSI.dll
[0710/130611.126:ERROR:process_memory_win.cc(73)] ReadMemory at 0x7ff9bc5a0000 of 64 bytes failed: Only part of a ReadProcessMemory or WriteProcessMemory request was completed. (0x12B)
[0710/130611.126:WARNING:pe_image_reader.cc(340)] could not read dos header from C:\Windows\SYSTEM32\WINMMBASE.dll
[0710/130611.126:ERROR:process_memory_win.cc(73)] ReadMemory at 0x7ff9bf0e0000 of 64 bytes failed: Only part of a ReadProcessMemory or WriteProcessMemory request was completed. (0x12B)
[0710/130611.126:WARNING:pe_image_reader.cc(340)] could not read dos header from C:\Windows\System32\cfgmgr32.dll
[0710/130611.126:ERROR:process_memory_win.cc(73)] ReadMemory at 0x7ff9bac70000 of 64 bytes failed: Only part of a ReadProcessMemory or WriteProcessMemory request was completed. (0x12B)
[0710/130611.126:WARNING:pe_image_reader.cc(340)] could not read dos header from C:\Windows\SYSTEM32\PROPSYS.dll
[0710/130611.126:ERROR:process_memory_win.cc(73)] ReadMemory at 0x7ff9c0300000 of 64 bytes failed: Only part of a ReadProcessMemory or WriteProcessMemory request was completed. (0x12B)
[0710/130611.126:WARNING:pe_image_reader.cc(340)] could not read dos header from C:\Windows\System32\shcore.dll
[0710/130611.126:ERROR:process_memory_win.cc(73)] ReadMemory at 0x7ff9beab0000 of 64 bytes failed: Only part of a ReadProcessMemory or WriteProcessMemory request was completed. (0x12B)
[0710/130611.126:WARNING:pe_image_reader.cc(340)] could not read dos header from C:\Windows\SYSTEM32\SSPICLI.DLL
[0710/130611.126:ERROR:process_memory_win.cc(73)] ReadMemory at 0x7ff9be600000 of 64 bytes failed: Only part of a ReadProcessMemory or WriteProcessMemory request was completed. (0x12B)
[0710/130611.126:WARNING:pe_image_reader.cc(340)] could not read dos header from C:\Windows\SYSTEM32\CRYPTBASE.DLL
[0710/130611.138:ERROR:process_memory_win.cc(73)] ReadMemory at 0x4fb5bf5000 of 45056 bytes failed: Only part of a ReadProcessMemory or WriteProcessMemory request was completed. (0x12B)
[0710/130611.138:ERROR:process_memory_win.cc(73)] ReadMemory at 0x4fb63fd000 of 12288 bytes failed: Only part of a ReadProcessMemory or WriteProcessMemory request was completed. (0x12B)
[0710/130611.138:ERROR:process_memory_win.cc(73)] ReadMemory at 0x4fb6bfc000 of 16384 bytes failed: Only part of a ReadProcessMemory or WriteProcessMemory request was completed. (0x12B)
[0710/130611.138:ERROR:process_memory_win.cc(73)] ReadMemory at 0x4fb73fc000 of 16384 bytes failed: Only part of a ReadProcessMemory or WriteProcessMemory request was completed. (0x12B)
[0710/130611.138:ERROR:process_memory_win.cc(73)] ReadMemory at 0x4fb7bfc000 of 16384 bytes failed: Only part of a ReadProcessMemory or WriteProcessMemory request was completed. (0x12B)
[0710/130611.138:ERROR:process_memory_win.cc(73)] ReadMemory at 0x4fb83fe000 of 8192 bytes failed: Only part of a ReadProcessMemory or WriteProcessMemory request was completed. (0x12B)
[0710/130611.138:ERROR:process_memory_win.cc(73)] ReadMemory at 0x4fb8bfd000 of 12288 bytes failed: Only part of a ReadProcessMemory or WriteProcessMemory request was completed. (0x12B)
[0710/130611.138:ERROR:process_memory_win.cc(73)] ReadMemory at 0x4fb93fc000 of 16384 bytes failed: Only part of a ReadProcessMemory or WriteProcessMemory request was completed. (0x12B)
[0710/130611.139:ERROR:process_memory_win.cc(73)] ReadMemory at 0x4fb9bfd000 of 12288 bytes failed: Only part of a ReadProcessMemory or WriteProcessMemory request was completed. (0x12B)
[0710/130611.139:ERROR:process_memory_win.cc(73)] ReadMemory at 0x4fba3fd000 of 12288 bytes failed: Only part of a ReadProcessMemory or WriteProcessMemory request was completed. (0x12B)
[0710/130611.139:ERROR:process_memory_win.cc(73)] ReadMemory at 0x4fbabfd000 of 12288 bytes failed: Only part of a ReadProcessMemory or WriteProcessMemory request was completed. (0x12B)
[0710/130611.139:ERROR:process_memory_win.cc(73)] ReadMemory at 0x4fbb3fd000 of 12288 bytes failed: Only part of a ReadProcessMemory or WriteProcessMemory request was completed. (0x12B)
[0710/130611.139:ERROR:process_memory_win.cc(73)] ReadMemory at 0x4fbbbfd000 of 12288 bytes failed: Only part of a ReadProcessMemory or WriteProcessMemory request was completed. (0x12B)
[0710/130611.139:ERROR:process_memory_win.cc(73)] ReadMemory at 0x4fbc3fd000 of 12288 bytes failed: Only part of a ReadProcessMemory or WriteProcessMemory request was completed. (0x12B)
[0710/130611.139:ERROR:process_memory_win.cc(73)] ReadMemory at 0x4fb5221000 of 852 bytes failed: Only part of a ReadProcessMemory or WriteProcessMemory request was completed. (0x12B)
[0710/130611.139:ERROR:process_memory_win.cc(73)] ReadMemory at 0x4fb5222000 of 6024 bytes failed: Only part of a ReadProcessMemory or WriteProcessMemory request was completed. (0x12B)
[0710/130611.139:ERROR:process_memory_win.cc(73)] ReadMemory at 0x4fb5224000 of 6024 bytes failed: Only part of a ReadProcessMemory or WriteProcessMemory request was completed. (0x12B)
[0710/130611.139:ERROR:process_memory_win.cc(73)] ReadMemory at 0x4fb5226000 of 6024 bytes failed: Only part of a ReadProcessMemory or WriteProcessMemory request was completed. (0x12B)
[0710/130611.140:ERROR:process_memory_win.cc(73)] ReadMemory at 0x4fb5228000 of 6024 bytes failed: Only part of a ReadProcessMemory or WriteProcessMemory request was completed. (0x12B)
[0710/130611.140:ERROR:process_memory_win.cc(73)] ReadMemory at 0x4fb522a000 of 6024 bytes failed: Only part of a ReadProcessMemory or WriteProcessMemory request was completed. (0x12B)
[0710/130611.140:ERROR:process_memory_win.cc(73)] ReadMemory at 0x4fb522c000 of 6024 bytes failed: Only part of a ReadProcessMemory or WriteProcessMemory request was completed. (0x12B)
[0710/130611.140:ERROR:process_memory_win.cc(73)] ReadMemory at 0x4fb522e000 of 6024 bytes failed: Only part of a ReadProcessMemory or WriteProcessMemory request was completed. (0x12B)
[0710/130611.140:ERROR:process_memory_win.cc(73)] ReadMemory at 0x4fb5230000 of 6024 bytes failed: Only part of a ReadProcessMemory or WriteProcessMemory request was completed. (0x12B)
[0710/130611.140:ERROR:process_memory_win.cc(73)] ReadMemory at 0x4fb5232000 of 6024 bytes failed: Only part of a ReadProcessMemory or WriteProcessMemory request was completed. (0x12B)
[0710/130611.140:ERROR:process_memory_win.cc(73)] ReadMemory at 0x4fb5234000 of 6024 bytes failed: Only part of a ReadProcessMemory or WriteProcessMemory request was completed. (0x12B)
[0710/130611.140:ERROR:process_memory_win.cc(73)] ReadMemory at 0x4fb5236000 of 6024 bytes failed: Only part of a ReadProcessMemory or WriteProcessMemory request was completed. (0x12B)
[0710/130611.140:ERROR:process_memory_win.cc(73)] ReadMemory at 0x4fb5238000 of 6024 bytes failed: Only part of a ReadProcessMemory or WriteProcessMemory request was completed. (0x12B)
[0710/130611.140:ERROR:process_memory_win.cc(73)] ReadMemory at 0x4fb523a000 of 6024 bytes failed: Only part of a ReadProcessMemory or WriteProcessMemory request was completed. (0x12B)
[0710/130611.140:ERROR:process_memory_win.cc(73)] ReadMemory at 0x4fb523c000 of 6024 bytes failed: Only part of a ReadProcessMemory or WriteProcessMemory request was completed. (0x12B)
[0710/130611.140:ERROR:process_memory_win.cc(73)] ReadMemory at 0x18869a40fe0 of 4888 bytes failed: Only part of a ReadProcessMemory or WriteProcessMemory request was completed. (0x12B)
[0710/130611.140:ERROR:process_memory_win.cc(73)] ReadMemory at 0x18869a42300 of 1012 bytes failed: Only part of a ReadProcessMemory or WriteProcessMemory request was completed. (0x12B)
[0710/130611.140:ERROR:process_memory_win.cc(73)] ReadMemory at 0x18869a42948 of 118 bytes failed: Only part of a ReadProcessMemory or WriteProcessMemory request was completed. (0x12B)
[0710/130611.141:ERROR:process_memory_win.cc(73)] ReadMemory at 0x18869a429c0 of 752 bytes failed: Only part of a ReadProcessMemory or WriteProcessMemory request was completed. (0x12B)
[0710/130611.141:ERROR:process_memory_win.cc(73)] ReadMemory at 0x18869a42cb2 of 118 bytes failed: Only part of a ReadProcessMemory or WriteProcessMemory request was completed. (0x12B)
[0710/130611.141:ERROR:process_memory_win.cc(73)] ReadMemory at 0x18869a42d2a of 102 bytes failed: Only part of a ReadProcessMemory or WriteProcessMemory request was completed. (0x12B)
[0710/130611.141:ERROR:process_memory_win.cc(73)] ReadMemory at 0x18869a42da0 of 58 bytes failed: Only part of a ReadProcessMemory or WriteProcessMemory request was completed. (0x12B)
[0710/130611.141:ERROR:process_memory_win.cc(73)] ReadMemory at 0x18869a42ea0 of 132 bytes failed: Only part of a ReadProcessMemory or WriteProcessMemory request was completed. (0x12B)
[0710/130611.141:ERROR:process_memory_win.cc(73)] ReadMemory at 0x18869a43030 of 132 bytes failed: Only part of a ReadProcessMemory or WriteProcessMemory request was completed. (0x12B)
[0710/130611.141:ERROR:process_memory_win.cc(73)] ReadMemory at 0x18869a431f0 of 126 bytes failed: Only part of a ReadProcessMemory or WriteProcessMemory request was completed. (0x12B)
[0710/130611.141:ERROR:process_memory_win.cc(73)] ReadMemory at 0x18869a435d0 of 132 bytes failed: Only part of a ReadProcessMemory or WriteProcessMemory request was completed. (0x12B)
[0710/130611.141:ERROR:process_memory_win.cc(73)] ReadMemory at 0x18869a43760 of 64 bytes failed: Only part of a ReadProcessMemory or WriteProcessMemory request was completed. (0x12B)
[0710/130611.141:ERROR:process_memory_win.cc(73)] ReadMemory at 0x18869a437b0 of 132 bytes failed: Only part of a ReadProcessMemory or WriteProcessMemory request was completed. (0x12B)
[0710/130611.142:ERROR:process_memory_win.cc(73)] ReadMemory at 0x18869a438e0 of 132 bytes failed: Only part of a ReadProcessMemory or WriteProcessMemory request was completed. (0x12B)
[0710/130611.142:ERROR:process_memory_win.cc(73)] ReadMemory at 0x18869a43bc0 of 132 bytes failed: Only part of a ReadProcessMemory or WriteProcessMemory request was completed. (0x12B)
[0710/130611.142:ERROR:process_memory_win.cc(73)] ReadMemory at 0x18869a43d50 of 68 bytes failed: Only part of a ReadProcessMemory or WriteProcessMemory request was completed. (0x12B)
[0710/130611.142:ERROR:process_memory_win.cc(73)] ReadMemory at 0x18869a44f90 of 154 bytes failed: Only part of a ReadProcessMemory or WriteProcessMemory request was completed. (0x12B)
[0710/130611.142:ERROR:process_memory_win.cc(73)] ReadMemory at 0x18869a45e50 of 62 bytes failed: Only part of a ReadProcessMemory or WriteProcessMemory request was completed. (0x12B)
[0710/130611.142:ERROR:process_memory_win.cc(73)] ReadMemory at 0x18869a45ea0 of 132 bytes failed: Only part of a ReadProcessMemory or WriteProcessMemory request was completed. (0x12B)
[0710/130611.142:ERROR:process_memory_win.cc(73)] ReadMemory at 0x18869a46040 of 132 bytes failed: Only part of a ReadProcessMemory or WriteProcessMemory request was completed. (0x12B)
[0710/130611.142:ERROR:process_memory_win.cc(73)] ReadMemory at 0x18869a46170 of 60 bytes failed: Only part of a ReadProcessMemory or WriteProcessMemory request was completed. (0x12B)
[0710/130611.143:ERROR:process_memory_win.cc(73)] ReadMemory at 0x18869a47830 of 132 bytes failed: Only part of a ReadProcessMemory or WriteProcessMemory request was completed. (0x12B)
[0710/130611.143:ERROR:process_memory_win.cc(73)] ReadMemory at 0x18869a47960 of 132 bytes failed: Only part of a ReadProcessMemory or WriteProcessMemory request was completed. (0x12B)
[0710/130611.143:ERROR:process_memory_win.cc(73)] ReadMemory at 0x18869a49f50 of 512 bytes failed: Only part of a ReadProcessMemory or WriteProcessMemory request was completed. (0x12B)
[0710/130611.143:ERROR:process_memory_win.cc(73)] ReadMemory at 0x18869a4a200 of 132 bytes failed: Only part of a ReadProcessMemory or WriteProcessMemory request was completed. (0x12B)
[0710/130611.143:ERROR:process_memory_win.cc(73)] ReadMemory at 0x18869a4a410 of 132 bytes failed: Only part of a ReadProcessMemory or WriteProcessMemory request was completed. (0x12B)
[0710/130611.144:ERROR:process_memory_win.cc(73)] ReadMemory at 0x18869a4a720 of 62 bytes failed: Only part of a ReadProcessMemory or WriteProcessMemory request was completed. (0x12B)
[0710/130611.144:ERROR:process_memory_win.cc(73)] ReadMemory at 0x18869a4a770 of 64 bytes failed: Only part of a ReadProcessMemory or WriteProcessMemory request was completed. (0x12B)
[0710/130611.144:ERROR:process_memory_win.cc(73)] ReadMemory at 0x18869a4a7c0 of 62 bytes failed: Only part of a ReadProcessMemory or WriteProcessMemory request was completed. (0x12B)
[0710/130611.144:ERROR:process_memory_win.cc(73)] ReadMemory at 0x18869a4aae0 of 60 bytes failed: Only part of a ReadProcessMemory or WriteProcessMemory request was completed. (0x12B)
[0710/130611.144:ERROR:process_memory_win.cc(73)] ReadMemory at 0x18869a4ad10 of 60 bytes failed: Only part of a ReadProcessMemory or WriteProcessMemory request was completed. (0x12B)
[0710/130611.144:ERROR:process_memory_win.cc(73)] ReadMemory at 0x18869a4ad60 of 64 bytes failed: Only part of a ReadProcessMemory or WriteProcessMemory request was completed. (0x12B)
[0710/130611.144:ERROR:process_memory_win.cc(73)] ReadMemory at 0x18869a4adb0 of 66 bytes failed: Only part of a ReadProcessMemory or WriteProcessMemory request was completed. (0x12B)
[0710/130611.144:ERROR:process_memory_win.cc(73)] ReadMemory at 0x18869a4ae00 of 64 bytes failed: Only part of a ReadProcessMemory or WriteProcessMemory request was completed. (0x12B)
[0710/130611.144:ERROR:process_memory_win.cc(73)] ReadMemory at 0x18869a4ae50 of 64 bytes failed: Only part of a ReadProcessMemory or WriteProcessMemory request was completed. (0x12B)
[0710/130611.144:ERROR:process_memory_win.cc(73)] ReadMemory at 0x18869a4b2e0 of 132 bytes failed: Only part of a ReadProcessMemory or WriteProcessMemory request was completed. (0x12B)
[0710/130611.144:ERROR:process_memory_win.cc(73)] ReadMemory at 0x18869a4b4e0 of 132 bytes failed: Only part of a ReadProcessMemory or WriteProcessMemory request was completed. (0x12B)
[0710/130611.145:ERROR:process_memory_win.cc(73)] ReadMemory at 0x18869a4bc60 of 80 bytes failed: Only part of a ReadProcessMemory or WriteProcessMemory request was completed. (0x12B)
[0710/130611.145:ERROR:process_memory_win.cc(73)] ReadMemory at 0x18869a4c2b0 of 80 bytes failed: Only part of a ReadProcessMemory or WriteProcessMemory request was completed. (0x12B)
[0710/130611.145:ERROR:process_memory_win.cc(73)] ReadMemory at 0x18869a4ca30 of 76 bytes failed: Only part of a ReadProcessMemory or WriteProcessMemory request was completed. (0x12B)
[0710/130611.145:ERROR:process_memory_win.cc(73)] ReadMemory at 0x18869a4e6f0 of 132 bytes failed: Only part of a ReadProcessMemory or WriteProcessMemory request was completed. (0x12B)
[0710/130611.145:ERROR:process_memory_win.cc(73)] ReadMemory at 0x18869a4e910 of 132 bytes failed: Only part of a ReadProcessMemory or WriteProcessMemory request was completed. (0x12B)
[0710/130611.145:ERROR:process_memory_win.cc(73)] ReadMemory at 0x18869a4f160 of 54 bytes failed: Only part of a ReadProcessMemory or WriteProcessMemory request was completed. (0x12B)
[0710/130611.145:ERROR:process_memory_win.cc(73)] ReadMemory at 0x18869a50780 of 132 bytes failed: Only part of a ReadProcessMemory or WriteProcessMemory request was completed. (0x12B)
[0710/130611.145:ERROR:process_memory_win.cc(73)] ReadMemory at 0x18869a508b0 of 146 bytes failed: Only part of a ReadProcessMemory or WriteProcessMemory request was completed. (0x12B)
[0710/130611.145:ERROR:process_memory_win.cc(73)] ReadMemory at 0x18869a54f80 of 132 bytes failed: Only part of a ReadProcessMemory or WriteProcessMemory request was completed. (0x12B)
[0710/130611.145:ERROR:process_memory_win.cc(73)] ReadMemory at 0x18869a550b0 of 132 bytes failed: Only part of a ReadProcessMemory or WriteProcessMemory request was completed. (0x12B)
[0710/130611.145:ERROR:process_memory_win.cc(73)] ReadMemory at 0x18869a551e0 of 132 bytes failed: Only part of a ReadProcessMemory or WriteProcessMemory request was completed. (0x12B)
[0710/130611.145:ERROR:process_memory_win.cc(73)] ReadMemory at 0x18869a55440 of 132 bytes failed: Only part of a ReadProcessMemory or WriteProcessMemory request was completed. (0x12B)
[0710/130611.145:ERROR:process_memory_win.cc(73)] ReadMemory at 0x18869a55570 of 132 bytes failed: Only part of a ReadProcessMemory or WriteProcessMemory request was completed. (0x12B)
[0710/130611.146:ERROR:process_memory_win.cc(73)] ReadMemory at 0x18869a556a0 of 132 bytes failed: Only part of a ReadProcessMemory or WriteProcessMemory request was completed. (0x12B)
[0710/130611.146:ERROR:process_memory_win.cc(73)] ReadMemory at 0x18869a557d0 of 132 bytes failed: Only part of a ReadProcessMemory or WriteProcessMemory request was completed. (0x12B)
[0710/130611.146:ERROR:process_memory_win.cc(73)] ReadMemory at 0x18869a55900 of 132 bytes failed: Only part of a ReadProcessMemory or WriteProcessMemory request was completed. (0x12B)
[0710/130611.146:ERROR:process_memory_win.cc(73)] ReadMemory at 0x18869a55a30 of 132 bytes failed: Only part of a ReadProcessMemory or WriteProcessMemory request was completed. (0x12B)
[0710/130611.146:ERROR:process_memory_win.cc(73)] ReadMemory at 0x18869a55b60 of 132 bytes failed: Only part of a ReadProcessMemory or WriteProcessMemory request was completed. (0x12B)
[0710/130611.146:ERROR:process_memory_win.cc(73)] ReadMemory at 0x18869a55c90 of 132 bytes failed: Only part of a ReadProcessMemory or WriteProcessMemory request was completed. (0x12B)
[0710/130611.146:ERROR:process_memory_win.cc(73)] ReadMemory at 0x18869a55dc0 of 132 bytes failed: Only part of a ReadProcessMemory or WriteProcessMemory request was completed. (0x12B)
[0710/130611.146:ERROR:process_memory_win.cc(73)] ReadMemory at 0x18869a56030 of 60 bytes failed: Only part of a ReadProcessMemory or WriteProcessMemory request was completed. (0x12B)
[0710/130611.146:ERROR:process_memory_win.cc(73)] ReadMemory at 0x18869a56080 of 60 bytes failed: Only part of a ReadProcessMemory or WriteProcessMemory request was completed. (0x12B)
[0710/130611.146:ERROR:process_memory_win.cc(73)] ReadMemory at 0x18869a560d0 of 60 bytes failed: Only part of a ReadProcessMemory or WriteProcessMemory request was completed. (0x12B)
[0710/130611.146:ERROR:process_memory_win.cc(73)] ReadMemory at 0x18869a56120 of 62 bytes failed: Only part of a ReadProcessMemory or WriteProcessMemory request was completed. (0x12B)
[0710/130611.146:ERROR:process_memory_win.cc(73)] ReadMemory at 0x18869a561c0 of 62 bytes failed: Only part of a ReadProcessMemory or WriteProcessMemory request was completed. (0x12B)
[0710/130611.146:ERROR:process_memory_win.cc(73)] ReadMemory at 0x18869a56260 of 64 bytes failed: Only part of a ReadProcessMemory or WriteProcessMemory request was completed. (0x12B)
[0710/130611.146:ERROR:process_memory_win.cc(73)] ReadMemory at 0x18869a56300 of 62 bytes failed: Only part of a ReadProcessMemory or WriteProcessMemory request was completed. (0x12B)
[0710/130611.147:ERROR:process_memory_win.cc(73)] ReadMemory at 0x18869a563a0 of 62 bytes failed: Only part of a ReadProcessMemory or WriteProcessMemory request was completed. (0x12B)
[0710/130611.147:ERROR:process_memory_win.cc(73)] ReadMemory at 0x18869a56440 of 64 bytes failed: Only part of a ReadProcessMemory or WriteProcessMemory request was completed. (0x12B)
[0710/130611.147:ERROR:process_memory_win.cc(73)] ReadMemory at 0x18869a56530 of 62 bytes failed: Only part of a ReadProcessMemory or WriteProcessMemory request was completed. (0x12B)
[0710/130611.147:ERROR:process_memory_win.cc(73)] ReadMemory at 0x18869a568a0 of 58 bytes failed: Only part of a ReadProcessMemory or WriteProcessMemory request was completed. (0x12B)
[0710/130611.147:ERROR:process_memory_win.cc(73)] ReadMemory at 0x18869a56990 of 66 bytes failed: Only part of a ReadProcessMemory or WriteProcessMemory request was completed. (0x12B)
[0710/130611.147:ERROR:process_memory_win.cc(73)] ReadMemory at 0x18869a56a80 of 64 bytes failed: Only part of a ReadProcessMemory or WriteProcessMemory request was completed. (0x12B)
[0710/130611.147:ERROR:process_memory_win.cc(73)] ReadMemory at 0x18869a56b20 of 60 bytes failed: Only part of a ReadProcessMemory or WriteProcessMemory request was completed. (0x12B)
[0710/130611.147:ERROR:process_memory_win.cc(73)] ReadMemory at 0x18869a56c60 of 62 bytes failed: Only part of a ReadProcessMemory or WriteProcessMemory request was completed. (0x12B)
[0710/130611.147:ERROR:process_memory_win.cc(73)] ReadMemory at 0x18869a56cb0 of 64 bytes failed: Only part of a ReadProcessMemory or WriteProcessMemory request was completed. (0x12B)
[0710/130611.147:ERROR:process_memory_win.cc(73)] ReadMemory at 0x18869a56df0 of 62 bytes failed: Only part of a ReadProcessMemory or WriteProcessMemory request was completed. (0x12B)
[0710/130611.147:ERROR:process_memory_win.cc(73)] ReadMemory at 0x18869a56e40 of 62 bytes failed: Only part of a ReadProcessMemory or WriteProcessMemory request was completed. (0x12B)
[0710/130611.147:ERROR:process_memory_win.cc(73)] ReadMemory at 0x18869a57330 of 132 bytes failed: Only part of a ReadProcessMemory or WriteProcessMemory request was completed. (0x12B)
[0710/130611.147:ERROR:process_memory_win.cc(73)] ReadMemory at 0x18869a57460 of 132 bytes failed: Only part of a ReadProcessMemory or WriteProcessMemory request was completed. (0x12B)
[0710/130611.148:ERROR:process_memory_win.cc(73)] ReadMemory at 0x18869a57920 of 132 bytes failed: Only part of a ReadProcessMemory or WriteProcessMemory request was completed. (0x12B)
[0710/130611.148:ERROR:process_memory_win.cc(73)] ReadMemory at 0x18869a57b80 of 132 bytes failed: Only part of a ReadProcessMemory or WriteProcessMemory request was completed. (0x12B)
[0710/130611.148:ERROR:process_memory_win.cc(73)] ReadMemory at 0x18869a582a0 of 132 bytes failed: Only part of a ReadProcessMemory or WriteProcessMemory request was completed. (0x12B)
[0710/130611.148:ERROR:process_memory_win.cc(73)] ReadMemory at 0x18869a583d0 of 132 bytes failed: Only part of a ReadProcessMemory or WriteProcessMemory request was completed. (0x12B)
[0710/130611.148:ERROR:process_memory_win.cc(73)] ReadMemory at 0x18869a58890 of 132 bytes failed: Only part of a ReadProcessMemory or WriteProcessMemory request was completed. (0x12B)
[0710/130611.148:ERROR:process_memory_win.cc(73)] ReadMemory at 0x18869a589c0 of 132 bytes failed: Only part of a ReadProcessMemory or WriteProcessMemory request was completed. (0x12B)
[0710/130611.148:ERROR:process_memory_win.cc(73)] ReadMemory at 0x18869a58af0 of 132 bytes failed: Only part of a ReadProcessMemory or WriteProcessMemory request was completed. (0x12B)
[0710/130611.148:ERROR:process_memory_win.cc(73)] ReadMemory at 0x18869a58d50 of 132 bytes failed: Only part of a ReadProcessMemory or WriteProcessMemory request was completed. (0x12B)
[0710/130611.148:ERROR:process_memory_win.cc(73)] ReadMemory at 0x18869a6f740 of 512 bytes failed: Only part of a ReadProcessMemory or WriteProcessMemory request was completed. (0x12B)
[0710/130611.148:ERROR:process_memory_win.cc(73)] ReadMemory at 0x18869b40dc0 of 512 bytes failed: Only part of a ReadProcessMemory or WriteProcessMemory request was completed. (0x12B)
[0710/130611.148:ERROR:process_memory_win.cc(73)] ReadMemory at 0x18869b41000 of 512 bytes failed: Only part of a ReadProcessMemory or WriteProcessMemory request was completed. (0x12B)
[0710/130611.148:ERROR:process_memory_win.cc(73)] ReadMemory at 0x18869b413c0 of 512 bytes failed: Only part of a ReadProcessMemory or WriteProcessMemory request was completed. (0x12B)
[0710/130611.148:ERROR:process_memory_win.cc(73)] ReadMemory at 0x18869b42440 of 512 bytes failed: Only part of a ReadProcessMemory or WriteProcessMemory request was completed. (0x12B)
[0710/130611.149:ERROR:process_memory_win.cc(73)] ReadMemory at 0x18869bbd410 of 512 bytes failed: Only part of a ReadProcessMemory or WriteProcessMemory request was completed. (0x12B)
[0710/130611.149:ERROR:process_memory_win.cc(73)] ReadMemory at 0x18869bcc720 of 712 bytes failed: Only part of a ReadProcessMemory or WriteProcessMemory request was completed. (0x12B)
[0710/130611.149:ERROR:process_memory_win.cc(73)] ReadMemory at 0x18869bf7eb0 of 512 bytes failed: Only part of a ReadProcessMemory or WriteProcessMemory request was completed. (0x12B)
[0710/130611.149:ERROR:process_memory_win.cc(73)] ReadMemory at 0x1886b5c0000 of 384 bytes failed: Only part of a ReadProcessMemory or WriteProcessMemory request was completed. (0x12B)
[0710/130611.149:ERROR:process_memory_win.cc(73)] ReadMemory at 0x1886b60ffc0 of 512 bytes failed: Only part of a ReadProcessMemory or WriteProcessMemory request was completed. (0x12B)
[0710/130611.149:ERROR:process_memory_win.cc(73)] ReadMemory at 0x1886b672bf0 of 512 bytes failed: Only part of a ReadProcessMemory or WriteProcessMemory request was completed. (0x12B)
[0710/130611.149:ERROR:process_memory_win.cc(73)] ReadMemory at 0x77ec0788b6a8 of 512 bytes failed: Only part of a ReadProcessMemory or WriteProcessMemory request was completed. (0x12B)
[0710/130611.149:ERROR:process_memory_win.cc(73)] ReadMemory at 0x7ff94ee72a10 of 512 bytes failed: Only part of a ReadProcessMemory or WriteProcessMemory request was completed. (0x12B)
[0710/130611.149:ERROR:process_memory_win.cc(73)] ReadMemory at 0x7ff94f1c407c of 512 bytes failed: Only part of a ReadProcessMemory or WriteProcessMemory request was completed. (0x12B)
[0710/130611.149:ERROR:process_memory_win.cc(73)] ReadMemory at 0x7ff94f738cfc of 512 bytes failed: Only part of a ReadProcessMemory or WriteProcessMemory request was completed. (0x12B)
[0710/130611.149:ERROR:process_memory_win.cc(73)] ReadMemory at 0x7ff9506667e1 of 512 bytes failed: Only part of a ReadProcessMemory or WriteProcessMemory request was completed. (0x12B)
[0710/130611.149:ERROR:process_memory_win.cc(73)] ReadMemory at 0x7ff9548ba568 of 512 bytes failed: Only part of a ReadProcessMemory or WriteProcessMemory request was completed. (0x12B)
[0710/130611.149:ERROR:process_memory_win.cc(73)] ReadMemory at 0x7ff954bb95e8 of 512 bytes failed: Only part of a ReadProcessMemory or WriteProcessMemory request was completed. (0x12B)
[0710/130611.149:ERROR:process_memory_win.cc(73)] ReadMemory at 0x7ff9c1d9c074 of 672 bytes failed: Only part of a ReadProcessMemory or WriteProcessMemory request was completed. (0x12B)
[0710/130611.150:ERROR:process_memory_win.cc(73)] ReadMemory at 0x7ff9c1d9c674 of 512 bytes failed: Only part of a ReadProcessMemory or WriteProcessMemory request was completed. (0x12B)
[0710/130611.150:ERROR:process_memory_win.cc(73)] ReadMemory at 0x7ff9c1d9f924 of 608 bytes failed: Only part of a ReadProcessMemory or WriteProcessMemory request was completed. (0x12B)
[0710/130611.150:ERROR:process_memory_win.cc(73)] ReadMemory at 0x7ff9c1e2c428 of 18 bytes failed: Only part of a ReadProcessMemory or WriteProcessMemory request was completed. (0x12B)
[0710/130611.150:ERROR:process_memory_win.cc(73)] ReadMemory at 0x7ff9c1e5f4f8 of 40 bytes failed: Only part of a ReadProcessMemory or WriteProcessMemory request was completed. (0x12B)
[0710/130611.150:ERROR:process_memory_win.cc(73)] ReadMemory at 0x7ff9c1e5f978 of 48 bytes failed: Only part of a ReadProcessMemory or WriteProcessMemory request was completed. (0x12B)
[0710/130611.150:ERROR:process_memory_win.cc(73)] ReadMemory at 0x7ff9c1e653c0 of 64 bytes failed: Only part of a ReadProcessMemory or WriteProcessMemory request was completed. (0x12B)
[0710/130611.151:ERROR:crash_report_database_win.cc(469)] failed to stat report
[0710/130611.151:ERROR:crash_report_database_win.cc(469)] failed to stat report
[0710/130611.151:ERROR:crash_report_database_win.cc(469)] failed to stat report
[0710/130611.151:ERROR:crash_report_database_win.cc(469)] failed to stat report
[0710/130611.153:ERROR:scoped_process_suspend.cc(40)] NtResumeProcess: An attempt was made to access an exiting process. (0xc000010a)
[0710/130611.641:ERROR:crash_report_database_win.cc(469)] failed to stat report
[0710/130611.641:ERROR:crash_report_database_win.cc(469)] failed to stat report
[0710/130611.641:ERROR:crash_report_database_win.cc(469)] failed to stat report
[0710/130611.641:ERROR:crash_report_database_win.cc(469)] failed to stat report
[0710/130611.645:ERROR:crash_report_database_win.cc(469)] failed to stat report
[0710/130611.645:ERROR:crash_report_database_win.cc(469)] failed to stat report
[0710/130611.645:ERROR:crash_report_database_win.cc(469)] failed to stat report
[0710/130611.645:ERROR:crash_report_database_win.cc(469)] failed to stat report
[0710/130611.907:ERROR:crash_report_database_win.cc(469)] failed to stat report
[0710/130611.907:ERROR:crash_report_database_win.cc(469)] failed to stat report
[0710/130611.908:ERROR:crash_report_database_win.cc(469)] failed to stat report
[0710/130611.908:ERROR:crash_report_database_win.cc(469)] failed to stat report
[0710/131519.584:ERROR:crash_report_database_win.cc(469)] failed to stat report
[0710/131519.958:ERROR:crash_report_database_win.cc(469)] failed to stat report
[0710/131519.958:ERROR:crash_report_database_win.cc(469)] failed to stat report
[0710/131519.959:ERROR:crash_report_database_win.cc(469)] failed to stat report
[0710/131519.961:ERROR:crash_report_database_win.cc(469)] failed to stat report
[0710/131519.961:ERROR:crash_report_database_win.cc(469)] failed to stat report
[0710/131519.961:ERROR:crash_report_database_win.cc(469)] failed to stat report
[0710/131519.961:ERROR:crash_report_database_win.cc(469)] failed to stat report
[0710/132112.040:ERROR:crash_report_database_win.cc(469)] failed to stat report
[0710/132112.113:ERROR:crash_report_database_win.cc(469)] failed to stat report
[0710/132112.113:ERROR:crash_report_database_win.cc(469)] failed to stat report
[0710/132112.113:ERROR:crash_report_database_win.cc(469)] failed to stat report
[0710/133612.199:ERROR:crash_report_database_win.cc(469)] failed to stat report
[0710/133612.230:ERROR:crash_report_database_win.cc(469)] failed to stat report
[0710/133612.230:ERROR:crash_report_database_win.cc(469)] failed to stat report
[0710/133612.256:ERROR:crash_report_database_win.cc(469)] failed to stat report
[0710/135112.309:ERROR:crash_report_database_win.cc(469)] failed to stat report
[0710/135112.310:ERROR:crash_report_database_win.cc(469)] failed to stat report
[0710/135112.310:ERROR:crash_report_database_win.cc(469)] failed to stat report
[0710/135112.310:ERROR:crash_report_database_win.cc(469)] failed to stat report
[0710/140612.319:ERROR:crash_report_database_win.cc(469)] failed to stat report
[0710/140612.361:ERROR:crash_report_database_win.cc(469)] failed to stat report
[0710/140612.361:ERROR:crash_report_database_win.cc(469)] failed to stat report
[0710/140612.361:ERROR:crash_report_database_win.cc(469)] failed to stat report
[0710/142112.413:ERROR:crash_report_database_win.cc(469)] failed to stat report
[0710/142112.426:ERROR:crash_report_database_win.cc(469)] failed to stat report
[0710/142112.426:ERROR:crash_report_database_win.cc(469)] failed to stat report
[0710/142112.426:ERROR:crash_report_database_win.cc(469)] failed to stat report
[0710/143612.523:ERROR:crash_report_database_win.cc(469)] failed to stat report
[0710/143612.560:ERROR:crash_report_database_win.cc(469)] failed to stat report
[0710/143612.560:ERROR:crash_report_database_win.cc(469)] failed to stat report
[0710/143612.561:ERROR:crash_report_database_win.cc(469)] failed to stat report
[0710/145112.639:ERROR:crash_report_database_win.cc(469)] failed to stat report
[0710/145112.677:ERROR:crash_report_database_win.cc(469)] failed to stat report
[0710/145112.706:ERROR:crash_report_database_win.cc(469)] failed to stat report
[0710/145112.706:ERROR:crash_report_database_win.cc(469)] failed to stat report
